[23-Jan-2022 01:06:38 UTC] PHP Warning:  require(/home/cffjor/public_html/../vendor/autoload.php): failed to open stream: No such file or directory in /home/cffjor/public_html/index.php on line 34
[23-Jan-2022 01:06:38 UTC] PHP Warning:  require(/home/cffjor/public_html/../vendor/autoload.php): failed to open stream: No such file or directory in /home/cffjor/public_html/index.php on line 34
[23-Jan-2022 01:06:38 UTC] PHP Fatal error:  require(): Failed opening required '/home/cffjor/public_html/../vendor/autoload.php' (include_path='.:/opt/cpanel/ea-php74/root/usr/share/pear') in /home/cffjor/public_html/index.php on line 34
[23-Jan-2022 01:07:10 UTC] PHP Warning:  require(/home/cffjor/public_html/../vendor/autoload.php): failed to open stream: No such file or directory in /home/cffjor/public_html/index.php on line 34
[23-Jan-2022 01:07:10 UTC] PHP Warning:  require(/home/cffjor/public_html/../vendor/autoload.php): failed to open stream: No such file or directory in /home/cffjor/public_html/index.php on line 34
[23-Jan-2022 01:07:10 UTC] PHP Fatal error:  require(): Failed opening required '/home/cffjor/public_html/../vendor/autoload.php' (include_path='.:/opt/cpanel/ea-php74/root/usr/share/pear') in /home/cffjor/public_html/index.php on line 34
[23-Jan-2022 01:08:27 UTC] PHP Fatal error:  Composer detected issues in your platform: Your Composer dependencies require a PHP version ">= 8.0.2". You are running 7.4.23. in /home/cffjor/public_html/vendor/composer/platform_check.php on line 24
[21-Sep-2022 23:20:37 UTC] PHP Warning:  include(/python/cffjorug/public_html/vendor/composer/../../app/Http/Kernel.php): Failed to open stream: Permission denied in /python/cffjorug/public_html/vendor/composer/ClassLoader.php on line 571
[21-Sep-2022 23:20:37 UTC] PHP Warning:  include(): Failed opening '/python/cffjorug/public_html/vendor/composer/../../app/Http/Kernel.php' for inclusion (include_path='.:/opt/cpanel/ea-php80/root/usr/share/pear') in /python/cffjorug/public_html/vendor/composer/ClassLoader.php on line 571
[21-Sep-2022 23:20:37 UTC] PHP Fatal error:  Uncaught ReflectionException: Class "App\Http\Kernel" does not exist in /python/cffjorug/public_html/vendor/laravel/framework/src/Illuminate/Container/Container.php:877
Stack trace:
#0 /python/cffjorug/public_html/vendor/laravel/framework/src/Illuminate/Container/Container.php(877): ReflectionClass->__construct('App\\Http\\Kernel')
#1 /python/cffjorug/public_html/vendor/laravel/framework/src/Illuminate/Container/Container.php(758): Illuminate\Container\Container->build('App\\Http\\Kernel')
#2 /python/cffjorug/public_html/vendor/laravel/framework/src/Illuminate/Foundation/Application.php(851): Illuminate\Container\Container->resolve('App\\Http\\Kernel', Array, false)
#3 /python/cffjorug/public_html/vendor/laravel/framework/src/Illuminate/Container/Container.php(296): Illuminate\Foundation\Application->resolve('App\\Http\\Kernel', Array, false)
#4 /python/cffjorug/public_html/vendor/laravel/framework/src/Illuminate/Container/Container.php(873): Illuminate\Container\Container->Illuminate\Container\{closure}(Object(Illuminate\Foundation\Application), Array)
#5 /python/cffjorug/public_html/vendor/laravel/framework/src/Illuminate/Container/Container.php(758): Illuminate\Container\Container->build(Object(Closure))
#6 /python/cffjorug/public_html/vendor/laravel/framework/src/Illuminate/Foundation/Application.php(851): Illuminate\Container\Container->resolve('Illuminate\\Cont...', Array, true)
#7 /python/cffjorug/public_html/vendor/laravel/framework/src/Illuminate/Container/Container.php(694): Illuminate\Foundation\Application->resolve('Illuminate\\Cont...', Array)
#8 /python/cffjorug/public_html/vendor/laravel/framework/src/Illuminate/Foundation/Application.php(836): Illuminate\Container\Container->make('Illuminate\\Cont...', Array)
#9 /python/cffjorug/public_html/index.php(49): Illuminate\Foundation\Application->make('Illuminate\\Cont...')
#10 {main}

Next Illuminate\Contracts\Container\BindingResolutionException: Target class [App\Http\Kernel] does not exist. in /python/cffjorug/public_html/vendor/laravel/framework/src/Illuminate/Container/Container.php:879
Stack trace:
#0 /python/cffjorug/public_html/vendor/laravel/framework/src/Illuminate/Container/Container.php(758): Illuminate\Container\Container->build('App\\Http\\Kernel')
#1 /python/cffjorug/public_html/vendor/laravel/framework/src/Illuminate/Foundation/Application.php(851): Illuminate\Container\Container->resolve('App\\Http\\Kernel', Array, false)
#2 /python/cffjorug/public_html/vendor/laravel/framework/src/Illuminate/Container/Container.php(296): Illuminate\Foundation\Application->resolve('App\\Http\\Kernel', Array, false)
#3 /python/cffjorug/public_html/vendor/laravel/framework/src/Illuminate/Container/Container.php(873): Illuminate\Container\Container->Illuminate\Container\{closure}(Object(Illuminate\Foundation\Application), Array)
#4 /python/cffjorug/public_html/vendor/laravel/framework/src/Illuminate/Container/Container.php(758): Illuminate\Container\Container->build(Object(Closure))
#5 /python/cffjorug/public_html/vendor/laravel/framework/src/Illuminate/Foundation/Application.php(851): Illuminate\Container\Container->resolve('Illuminate\\Cont...', Array, true)
#6 /python/cffjorug/public_html/vendor/laravel/framework/src/Illuminate/Container/Container.php(694): Illuminate\Foundation\Application->resolve('Illuminate\\Cont...', Array)
#7 /python/cffjorug/public_html/vendor/laravel/framework/src/Illuminate/Foundation/Application.php(836): Illuminate\Container\Container->make('Illuminate\\Cont...', Array)
#8 /python/cffjorug/public_html/index.php(49): Illuminate\Foundation\Application->make('Illuminate\\Cont...')
#9 {main}
  thrown in /python/cffjorug/public_html/vendor/laravel/framework/src/Illuminate/Container/Container.php on line 879
[21-Sep-2022 23:20:44 UTC] PHP Warning:  include(/python/cffjorug/public_html/vendor/composer/../../app/Http/Kernel.php): Failed to open stream: Permission denied in /python/cffjorug/public_html/vendor/composer/ClassLoader.php on line 571
[21-Sep-2022 23:20:44 UTC] PHP Warning:  include(): Failed opening '/python/cffjorug/public_html/vendor/composer/../../app/Http/Kernel.php' for inclusion (include_path='.:/opt/cpanel/ea-php80/root/usr/share/pear') in /python/cffjorug/public_html/vendor/composer/ClassLoader.php on line 571
[21-Sep-2022 23:20:44 UTC] PHP Fatal error:  Uncaught ReflectionException: Class "App\Http\Kernel" does not exist in /python/cffjorug/public_html/vendor/laravel/framework/src/Illuminate/Container/Container.php:877
Stack trace:
#0 /python/cffjorug/public_html/vendor/laravel/framework/src/Illuminate/Container/Container.php(877): ReflectionClass->__construct('App\\Http\\Kernel')
#1 /python/cffjorug/public_html/vendor/laravel/framework/src/Illuminate/Container/Container.php(758): Illuminate\Container\Container->build('App\\Http\\Kernel')
#2 /python/cffjorug/public_html/vendor/laravel/framework/src/Illuminate/Foundation/Application.php(851): Illuminate\Container\Container->resolve('App\\Http\\Kernel', Array, false)
#3 /python/cffjorug/public_html/vendor/laravel/framework/src/Illuminate/Container/Container.php(296): Illuminate\Foundation\Application->resolve('App\\Http\\Kernel', Array, false)
#4 /python/cffjorug/public_html/vendor/laravel/framework/src/Illuminate/Container/Container.php(873): Illuminate\Container\Container->Illuminate\Container\{closure}(Object(Illuminate\Foundation\Application), Array)
#5 /python/cffjorug/public_html/vendor/laravel/framework/src/Illuminate/Container/Container.php(758): Illuminate\Container\Container->build(Object(Closure))
#6 /python/cffjorug/public_html/vendor/laravel/framework/src/Illuminate/Foundation/Application.php(851): Illuminate\Container\Container->resolve('Illuminate\\Cont...', Array, true)
#7 /python/cffjorug/public_html/vendor/laravel/framework/src/Illuminate/Container/Container.php(694): Illuminate\Foundation\Application->resolve('Illuminate\\Cont...', Array)
#8 /python/cffjorug/public_html/vendor/laravel/framework/src/Illuminate/Foundation/Application.php(836): Illuminate\Container\Container->make('Illuminate\\Cont...', Array)
#9 /python/cffjorug/public_html/index.php(49): Illuminate\Foundation\Application->make('Illuminate\\Cont...')
#10 {main}

Next Illuminate\Contracts\Container\BindingResolutionException: Target class [App\Http\Kernel] does not exist. in /python/cffjorug/public_html/vendor/laravel/framework/src/Illuminate/Container/Container.php:879
Stack trace:
#0 /python/cffjorug/public_html/vendor/laravel/framework/src/Illuminate/Container/Container.php(758): Illuminate\Container\Container->build('App\\Http\\Kernel')
#1 /python/cffjorug/public_html/vendor/laravel/framework/src/Illuminate/Foundation/Application.php(851): Illuminate\Container\Container->resolve('App\\Http\\Kernel', Array, false)
#2 /python/cffjorug/public_html/vendor/laravel/framework/src/Illuminate/Container/Container.php(296): Illuminate\Foundation\Application->resolve('App\\Http\\Kernel', Array, false)
#3 /python/cffjorug/public_html/vendor/laravel/framework/src/Illuminate/Container/Container.php(873): Illuminate\Container\Container->Illuminate\Container\{closure}(Object(Illuminate\Foundation\Application), Array)
#4 /python/cffjorug/public_html/vendor/laravel/framework/src/Illuminate/Container/Container.php(758): Illuminate\Container\Container->build(Object(Closure))
#5 /python/cffjorug/public_html/vendor/laravel/framework/src/Illuminate/Foundation/Application.php(851): Illuminate\Container\Container->resolve('Illuminate\\Cont...', Array, true)
#6 /python/cffjorug/public_html/vendor/laravel/framework/src/Illuminate/Container/Container.php(694): Illuminate\Foundation\Application->resolve('Illuminate\\Cont...', Array)
#7 /python/cffjorug/public_html/vendor/laravel/framework/src/Illuminate/Foundation/Application.php(836): Illuminate\Container\Container->make('Illuminate\\Cont...', Array)
#8 /python/cffjorug/public_html/index.php(49): Illuminate\Foundation\Application->make('Illuminate\\Cont...')
#9 {main}
  thrown in /python/cffjorug/public_html/vendor/laravel/framework/src/Illuminate/Container/Container.php on line 879
[21-Sep-2022 23:20:48 UTC] PHP Warning:  include(/python/cffjorug/public_html/vendor/composer/../../app/Http/Kernel.php): Failed to open stream: Permission denied in /python/cffjorug/public_html/vendor/composer/ClassLoader.php on line 571
[21-Sep-2022 23:20:48 UTC] PHP Warning:  include(): Failed opening '/python/cffjorug/public_html/vendor/composer/../../app/Http/Kernel.php' for inclusion (include_path='.:/opt/cpanel/ea-php80/root/usr/share/pear') in /python/cffjorug/public_html/vendor/composer/ClassLoader.php on line 571
[21-Sep-2022 23:20:48 UTC] PHP Fatal error:  Uncaught ReflectionException: Class "App\Http\Kernel" does not exist in /python/cffjorug/public_html/vendor/laravel/framework/src/Illuminate/Container/Container.php:877
Stack trace:
#0 /python/cffjorug/public_html/vendor/laravel/framework/src/Illuminate/Container/Container.php(877): ReflectionClass->__construct('App\\Http\\Kernel')
#1 /python/cffjorug/public_html/vendor/laravel/framework/src/Illuminate/Container/Container.php(758): Illuminate\Container\Container->build('App\\Http\\Kernel')
#2 /python/cffjorug/public_html/vendor/laravel/framework/src/Illuminate/Foundation/Application.php(851): Illuminate\Container\Container->resolve('App\\Http\\Kernel', Array, false)
#3 /python/cffjorug/public_html/vendor/laravel/framework/src/Illuminate/Container/Container.php(296): Illuminate\Foundation\Application->resolve('App\\Http\\Kernel', Array, false)
#4 /python/cffjorug/public_html/vendor/laravel/framework/src/Illuminate/Container/Container.php(873): Illuminate\Container\Container->Illuminate\Container\{closure}(Object(Illuminate\Foundation\Application), Array)
#5 /python/cffjorug/public_html/vendor/laravel/framework/src/Illuminate/Container/Container.php(758): Illuminate\Container\Container->build(Object(Closure))
#6 /python/cffjorug/public_html/vendor/laravel/framework/src/Illuminate/Foundation/Application.php(851): Illuminate\Container\Container->resolve('Illuminate\\Cont...', Array, true)
#7 /python/cffjorug/public_html/vendor/laravel/framework/src/Illuminate/Container/Container.php(694): Illuminate\Foundation\Application->resolve('Illuminate\\Cont...', Array)
#8 /python/cffjorug/public_html/vendor/laravel/framework/src/Illuminate/Foundation/Application.php(836): Illuminate\Container\Container->make('Illuminate\\Cont...', Array)
#9 /python/cffjorug/public_html/index.php(49): Illuminate\Foundation\Application->make('Illuminate\\Cont...')
#10 {main}

Next Illuminate\Contracts\Container\BindingResolutionException: Target class [App\Http\Kernel] does not exist. in /python/cffjorug/public_html/vendor/laravel/framework/src/Illuminate/Container/Container.php:879
Stack trace:
#0 /python/cffjorug/public_html/vendor/laravel/framework/src/Illuminate/Container/Container.php(758): Illuminate\Container\Container->build('App\\Http\\Kernel')
#1 /python/cffjorug/public_html/vendor/laravel/framework/src/Illuminate/Foundation/Application.php(851): Illuminate\Container\Container->resolve('App\\Http\\Kernel', Array, false)
#2 /python/cffjorug/public_html/vendor/laravel/framework/src/Illuminate/Container/Container.php(296): Illuminate\Foundation\Application->resolve('App\\Http\\Kernel', Array, false)
#3 /python/cffjorug/public_html/vendor/laravel/framework/src/Illuminate/Container/Container.php(873): Illuminate\Container\Container->Illuminate\Container\{closure}(Object(Illuminate\Foundation\Application), Array)
#4 /python/cffjorug/public_html/vendor/laravel/framework/src/Illuminate/Container/Container.php(758): Illuminate\Container\Container->build(Object(Closure))
#5 /python/cffjorug/public_html/vendor/laravel/framework/src/Illuminate/Foundation/Application.php(851): Illuminate\Container\Container->resolve('Illuminate\\Cont...', Array, true)
#6 /python/cffjorug/public_html/vendor/laravel/framework/src/Illuminate/Container/Container.php(694): Illuminate\Foundation\Application->resolve('Illuminate\\Cont...', Array)
#7 /python/cffjorug/public_html/vendor/laravel/framework/src/Illuminate/Foundation/Application.php(836): Illuminate\Container\Container->make('Illuminate\\Cont...', Array)
#8 /python/cffjorug/public_html/index.php(49): Illuminate\Foundation\Application->make('Illuminate\\Cont...')
#9 {main}
  thrown in /python/cffjorug/public_html/vendor/laravel/framework/src/Illuminate/Container/Container.php on line 879
[21-Sep-2022 23:20:53 UTC] PHP Warning:  include(/python/cffjorug/public_html/vendor/composer/../../app/Http/Kernel.php): Failed to open stream: Permission denied in /python/cffjorug/public_html/vendor/composer/ClassLoader.php on line 571
[21-Sep-2022 23:20:53 UTC] PHP Warning:  include(): Failed opening '/python/cffjorug/public_html/vendor/composer/../../app/Http/Kernel.php' for inclusion (include_path='.:/opt/cpanel/ea-php80/root/usr/share/pear') in /python/cffjorug/public_html/vendor/composer/ClassLoader.php on line 571
[21-Sep-2022 23:20:53 UTC] PHP Fatal error:  Uncaught ReflectionException: Class "App\Http\Kernel" does not exist in /python/cffjorug/public_html/vendor/laravel/framework/src/Illuminate/Container/Container.php:877
Stack trace:
#0 /python/cffjorug/public_html/vendor/laravel/framework/src/Illuminate/Container/Container.php(877): ReflectionClass->__construct('App\\Http\\Kernel')
#1 /python/cffjorug/public_html/vendor/laravel/framework/src/Illuminate/Container/Container.php(758): Illuminate\Container\Container->build('App\\Http\\Kernel')
#2 /python/cffjorug/public_html/vendor/laravel/framework/src/Illuminate/Foundation/Application.php(851): Illuminate\Container\Container->resolve('App\\Http\\Kernel', Array, false)
#3 /python/cffjorug/public_html/vendor/laravel/framework/src/Illuminate/Container/Container.php(296): Illuminate\Foundation\Application->resolve('App\\Http\\Kernel', Array, false)
#4 /python/cffjorug/public_html/vendor/laravel/framework/src/Illuminate/Container/Container.php(873): Illuminate\Container\Container->Illuminate\Container\{closure}(Object(Illuminate\Foundation\Application), Array)
#5 /python/cffjorug/public_html/vendor/laravel/framework/src/Illuminate/Container/Container.php(758): Illuminate\Container\Container->build(Object(Closure))
#6 /python/cffjorug/public_html/vendor/laravel/framework/src/Illuminate/Foundation/Application.php(851): Illuminate\Container\Container->resolve('Illuminate\\Cont...', Array, true)
#7 /python/cffjorug/public_html/vendor/laravel/framework/src/Illuminate/Container/Container.php(694): Illuminate\Foundation\Application->resolve('Illuminate\\Cont...', Array)
#8 /python/cffjorug/public_html/vendor/laravel/framework/src/Illuminate/Foundation/Application.php(836): Illuminate\Container\Container->make('Illuminate\\Cont...', Array)
#9 /python/cffjorug/public_html/index.php(49): Illuminate\Foundation\Application->make('Illuminate\\Cont...')
#10 {main}

Next Illuminate\Contracts\Container\BindingResolutionException: Target class [App\Http\Kernel] does not exist. in /python/cffjorug/public_html/vendor/laravel/framework/src/Illuminate/Container/Container.php:879
Stack trace:
#0 /python/cffjorug/public_html/vendor/laravel/framework/src/Illuminate/Container/Container.php(758): Illuminate\Container\Container->build('App\\Http\\Kernel')
#1 /python/cffjorug/public_html/vendor/laravel/framework/src/Illuminate/Foundation/Application.php(851): Illuminate\Container\Container->resolve('App\\Http\\Kernel', Array, false)
#2 /python/cffjorug/public_html/vendor/laravel/framework/src/Illuminate/Container/Container.php(296): Illuminate\Foundation\Application->resolve('App\\Http\\Kernel', Array, false)
#3 /python/cffjorug/public_html/vendor/laravel/framework/src/Illuminate/Container/Container.php(873): Illuminate\Container\Container->Illuminate\Container\{closure}(Object(Illuminate\Foundation\Application), Array)
#4 /python/cffjorug/public_html/vendor/laravel/framework/src/Illuminate/Container/Container.php(758): Illuminate\Container\Container->build(Object(Closure))
#5 /python/cffjorug/public_html/vendor/laravel/framework/src/Illuminate/Foundation/Application.php(851): Illuminate\Container\Container->resolve('Illuminate\\Cont...', Array, true)
#6 /python/cffjorug/public_html/vendor/laravel/framework/src/Illuminate/Container/Container.php(694): Illuminate\Foundation\Application->resolve('Illuminate\\Cont...', Array)
#7 /python/cffjorug/public_html/vendor/laravel/framework/src/Illuminate/Foundation/Application.php(836): Illuminate\Container\Container->make('Illuminate\\Cont...', Array)
#8 /python/cffjorug/public_html/index.php(49): Illuminate\Foundation\Application->make('Illuminate\\Cont...')
#9 {main}
  thrown in /python/cffjorug/public_html/vendor/laravel/framework/src/Illuminate/Container/Container.php on line 879
[21-Sep-2022 23:20:58 UTC] PHP Warning:  include(/python/cffjorug/public_html/vendor/composer/../../app/Http/Kernel.php): Failed to open stream: Permission denied in /python/cffjorug/public_html/vendor/composer/ClassLoader.php on line 571
[21-Sep-2022 23:20:58 UTC] PHP Warning:  include(): Failed opening '/python/cffjorug/public_html/vendor/composer/../../app/Http/Kernel.php' for inclusion (include_path='.:/opt/cpanel/ea-php80/root/usr/share/pear') in /python/cffjorug/public_html/vendor/composer/ClassLoader.php on line 571
[21-Sep-2022 23:20:58 UTC] PHP Fatal error:  Uncaught ReflectionException: Class "App\Http\Kernel" does not exist in /python/cffjorug/public_html/vendor/laravel/framework/src/Illuminate/Container/Container.php:877
Stack trace:
#0 /python/cffjorug/public_html/vendor/laravel/framework/src/Illuminate/Container/Container.php(877): ReflectionClass->__construct('App\\Http\\Kernel')
#1 /python/cffjorug/public_html/vendor/laravel/framework/src/Illuminate/Container/Container.php(758): Illuminate\Container\Container->build('App\\Http\\Kernel')
#2 /python/cffjorug/public_html/vendor/laravel/framework/src/Illuminate/Foundation/Application.php(851): Illuminate\Container\Container->resolve('App\\Http\\Kernel', Array, false)
#3 /python/cffjorug/public_html/vendor/laravel/framework/src/Illuminate/Container/Container.php(296): Illuminate\Foundation\Application->resolve('App\\Http\\Kernel', Array, false)
#4 /python/cffjorug/public_html/vendor/laravel/framework/src/Illuminate/Container/Container.php(873): Illuminate\Container\Container->Illuminate\Container\{closure}(Object(Illuminate\Foundation\Application), Array)
#5 /python/cffjorug/public_html/vendor/laravel/framework/src/Illuminate/Container/Container.php(758): Illuminate\Container\Container->build(Object(Closure))
#6 /python/cffjorug/public_html/vendor/laravel/framework/src/Illuminate/Foundation/Application.php(851): Illuminate\Container\Container->resolve('Illuminate\\Cont...', Array, true)
#7 /python/cffjorug/public_html/vendor/laravel/framework/src/Illuminate/Container/Container.php(694): Illuminate\Foundation\Application->resolve('Illuminate\\Cont...', Array)
#8 /python/cffjorug/public_html/vendor/laravel/framework/src/Illuminate/Foundation/Application.php(836): Illuminate\Container\Container->make('Illuminate\\Cont...', Array)
#9 /python/cffjorug/public_html/index.php(49): Illuminate\Foundation\Application->make('Illuminate\\Cont...')
#10 {main}

Next Illuminate\Contracts\Container\BindingResolutionException: Target class [App\Http\Kernel] does not exist. in /python/cffjorug/public_html/vendor/laravel/framework/src/Illuminate/Container/Container.php:879
Stack trace:
#0 /python/cffjorug/public_html/vendor/laravel/framework/src/Illuminate/Container/Container.php(758): Illuminate\Container\Container->build('App\\Http\\Kernel')
#1 /python/cffjorug/public_html/vendor/laravel/framework/src/Illuminate/Foundation/Application.php(851): Illuminate\Container\Container->resolve('App\\Http\\Kernel', Array, false)
#2 /python/cffjorug/public_html/vendor/laravel/framework/src/Illuminate/Container/Container.php(296): Illuminate\Foundation\Application->resolve('App\\Http\\Kernel', Array, false)
#3 /python/cffjorug/public_html/vendor/laravel/framework/src/Illuminate/Container/Container.php(873): Illuminate\Container\Container->Illuminate\Container\{closure}(Object(Illuminate\Foundation\Application), Array)
#4 /python/cffjorug/public_html/vendor/laravel/framework/src/Illuminate/Container/Container.php(758): Illuminate\Container\Container->build(Object(Closure))
#5 /python/cffjorug/public_html/vendor/laravel/framework/src/Illuminate/Foundation/Application.php(851): Illuminate\Container\Container->resolve('Illuminate\\Cont...', Array, true)
#6 /python/cffjorug/public_html/vendor/laravel/framework/src/Illuminate/Container/Container.php(694): Illuminate\Foundation\Application->resolve('Illuminate\\Cont...', Array)
#7 /python/cffjorug/public_html/vendor/laravel/framework/src/Illuminate/Foundation/Application.php(836): Illuminate\Container\Container->make('Illuminate\\Cont...', Array)
#8 /python/cffjorug/public_html/index.php(49): Illuminate\Foundation\Application->make('Illuminate\\Cont...')
#9 {main}
  thrown in /python/cffjorug/public_html/vendor/laravel/framework/src/Illuminate/Container/Container.php on line 879
[21-Sep-2022 23:21:03 UTC] PHP Warning:  include(/python/cffjorug/public_html/vendor/composer/../../app/Http/Kernel.php): Failed to open stream: Permission denied in /python/cffjorug/public_html/vendor/composer/ClassLoader.php on line 571
[21-Sep-2022 23:21:03 UTC] PHP Warning:  include(): Failed opening '/python/cffjorug/public_html/vendor/composer/../../app/Http/Kernel.php' for inclusion (include_path='.:/opt/cpanel/ea-php80/root/usr/share/pear') in /python/cffjorug/public_html/vendor/composer/ClassLoader.php on line 571
[21-Sep-2022 23:21:03 UTC] PHP Fatal error:  Uncaught ReflectionException: Class "App\Http\Kernel" does not exist in /python/cffjorug/public_html/vendor/laravel/framework/src/Illuminate/Container/Container.php:877
Stack trace:
#0 /python/cffjorug/public_html/vendor/laravel/framework/src/Illuminate/Container/Container.php(877): ReflectionClass->__construct('App\\Http\\Kernel')
#1 /python/cffjorug/public_html/vendor/laravel/framework/src/Illuminate/Container/Container.php(758): Illuminate\Container\Container->build('App\\Http\\Kernel')
#2 /python/cffjorug/public_html/vendor/laravel/framework/src/Illuminate/Foundation/Application.php(851): Illuminate\Container\Container->resolve('App\\Http\\Kernel', Array, false)
#3 /python/cffjorug/public_html/vendor/laravel/framework/src/Illuminate/Container/Container.php(296): Illuminate\Foundation\Application->resolve('App\\Http\\Kernel', Array, false)
#4 /python/cffjorug/public_html/vendor/laravel/framework/src/Illuminate/Container/Container.php(873): Illuminate\Container\Container->Illuminate\Container\{closure}(Object(Illuminate\Foundation\Application), Array)
#5 /python/cffjorug/public_html/vendor/laravel/framework/src/Illuminate/Container/Container.php(758): Illuminate\Container\Container->build(Object(Closure))
#6 /python/cffjorug/public_html/vendor/laravel/framework/src/Illuminate/Foundation/Application.php(851): Illuminate\Container\Container->resolve('Illuminate\\Cont...', Array, true)
#7 /python/cffjorug/public_html/vendor/laravel/framework/src/Illuminate/Container/Container.php(694): Illuminate\Foundation\Application->resolve('Illuminate\\Cont...', Array)
#8 /python/cffjorug/public_html/vendor/laravel/framework/src/Illuminate/Foundation/Application.php(836): Illuminate\Container\Container->make('Illuminate\\Cont...', Array)
#9 /python/cffjorug/public_html/index.php(49): Illuminate\Foundation\Application->make('Illuminate\\Cont...')
#10 {main}

Next Illuminate\Contracts\Container\BindingResolutionException: Target class [App\Http\Kernel] does not exist. in /python/cffjorug/public_html/vendor/laravel/framework/src/Illuminate/Container/Container.php:879
Stack trace:
#0 /python/cffjorug/public_html/vendor/laravel/framework/src/Illuminate/Container/Container.php(758): Illuminate\Container\Container->build('App\\Http\\Kernel')
#1 /python/cffjorug/public_html/vendor/laravel/framework/src/Illuminate/Foundation/Application.php(851): Illuminate\Container\Container->resolve('App\\Http\\Kernel', Array, false)
#2 /python/cffjorug/public_html/vendor/laravel/framework/src/Illuminate/Container/Container.php(296): Illuminate\Foundation\Application->resolve('App\\Http\\Kernel', Array, false)
#3 /python/cffjorug/public_html/vendor/laravel/framework/src/Illuminate/Container/Container.php(873): Illuminate\Container\Container->Illuminate\Container\{closure}(Object(Illuminate\Foundation\Application), Array)
#4 /python/cffjorug/public_html/vendor/laravel/framework/src/Illuminate/Container/Container.php(758): Illuminate\Container\Container->build(Object(Closure))
#5 /python/cffjorug/public_html/vendor/laravel/framework/src/Illuminate/Foundation/Application.php(851): Illuminate\Container\Container->resolve('Illuminate\\Cont...', Array, true)
#6 /python/cffjorug/public_html/vendor/laravel/framework/src/Illuminate/Container/Container.php(694): Illuminate\Foundation\Application->resolve('Illuminate\\Cont...', Array)
#7 /python/cffjorug/public_html/vendor/laravel/framework/src/Illuminate/Foundation/Application.php(836): Illuminate\Container\Container->make('Illuminate\\Cont...', Array)
#8 /python/cffjorug/public_html/index.php(49): Illuminate\Foundation\Application->make('Illuminate\\Cont...')
#9 {main}
  thrown in /python/cffjorug/public_html/vendor/laravel/framework/src/Illuminate/Container/Container.php on line 879
[21-Sep-2022 23:22:03 UTC] PHP Fatal error:  Uncaught InvalidArgumentException: Please provide a valid cache path. in /python/cffjorug/public_html/vendor/laravel/framework/src/Illuminate/View/Compilers/Compiler.php:36
Stack trace:
#0 /python/cffjorug/public_html/vendor/laravel/framework/src/Illuminate/View/ViewServiceProvider.php(88): Illuminate\View\Compilers\Compiler->__construct(Object(Illuminate\Filesystem\Filesystem), false)
#1 /python/cffjorug/public_html/vendor/laravel/framework/src/Illuminate/Container/Container.php(873): Illuminate\View\ViewServiceProvider->Illuminate\View\{closure}(Object(Illuminate\Foundation\Application), Array)
#2 /python/cffjorug/public_html/vendor/laravel/framework/src/Illuminate/Container/Container.php(758): Illuminate\Container\Container->build(Object(Closure))
#3 /python/cffjorug/public_html/vendor/laravel/framework/src/Illuminate/Foundation/Application.php(851): Illuminate\Container\Container->resolve('blade.compiler', Array, true)
#4 /python/cffjorug/public_html/vendor/laravel/framework/src/Illuminate/Container/Container.php(694): Illuminate\Foundation\Application->resolve('blade.compiler', Array)
#5 /python/cffjorug/public_html/vendor/laravel/framework/src/Illuminate/Foundation/Application.php(836): Illuminate\Container\Container->make('blade.compiler', Array)
#6 /python/cffjorug/public_html/vendor/laravel/framework/src/Illuminate/Container/Container.php(1423): Illuminate\Foundation\Application->make('blade.compiler')
#7 /python/cffjorug/public_html/vendor/laravel/framework/src/Illuminate/View/ViewServiceProvider.php(150): Illuminate\Container\Container->offsetGet('blade.compiler')
#8 [internal function]: Illuminate\View\ViewServiceProvider->Illuminate\View\{closure}()
#9 /python/cffjorug/public_html/vendor/laravel/framework/src/Illuminate/View/Engines/EngineResolver.php(55): call_user_func(Object(Closure))
#10 /python/cffjorug/public_html/vendor/laravel/framework/src/Illuminate/View/Factory.php(310): Illuminate\View\Engines\EngineResolver->resolve('blade')
#11 /python/cffjorug/public_html/vendor/laravel/framework/src/Illuminate/View/Factory.php(274): Illuminate\View\Factory->getEngineFromPath('/python/cffjoru...')
#12 /python/cffjorug/public_html/vendor/laravel/framework/src/Illuminate/View/Factory.php(146): Illuminate\View\Factory->viewInstance('errors::500', '/python/cffjoru...', Array)
#13 /python/cffjorug/public_html/vendor/laravel/framework/src/Illuminate/Routing/ResponseFactory.php(85): Illuminate\View\Factory->make('errors::500', Array)
#14 /python/cffjorug/public_html/vendor/laravel/framework/src/Illuminate/Foundation/Exceptions/Handler.php(585): Illuminate\Routing\ResponseFactory->view('errors::500', Array, 500, Array)
#15 /python/cffjorug/public_html/vendor/laravel/framework/src/Illuminate/Foundation/Exceptions/Handler.php(490): Illuminate\Foundation\Exceptions\Handler->renderHttpException(Object(Symfony\Component\HttpKernel\Exception\HttpException))
#16 /python/cffjorug/public_html/vendor/laravel/framework/src/Illuminate/Foundation/Exceptions/Handler.php(356): Illuminate\Foundation\Exceptions\Handler->prepareResponse(Object(Illuminate\Http\Request), Object(Symfony\Component\HttpKernel\Exception\HttpException))
#17 /python/cffjorug/public_html/vendor/laravel/framework/src/Illuminate/Foundation/Bootstrap/HandleExceptions.php(193): Illuminate\Foundation\Exceptions\Handler->render(Object(Illuminate\Http\Request), Object(UnexpectedValueException))
#18 /python/cffjorug/public_html/vendor/laravel/framework/src/Illuminate/Foundation/Bootstrap/HandleExceptions.php(170): Illuminate\Foundation\Bootstrap\HandleExceptions->renderHttpResponse(Object(UnexpectedValueException))
#19 [internal function]: Illuminate\Foundation\Bootstrap\HandleExceptions->handleException(Object(UnexpectedValueException))
#20 {main}
  thrown in /python/cffjorug/public_html/vendor/laravel/framework/src/Illuminate/View/Compilers/Compiler.php on line 36
[08-Oct-2022 22:37:51 UTC] PHP Fatal error:  Composer detected issues in your platform: Your Composer dependencies require a PHP version ">= 8.0.2". You are running 7.4.30. in /python/cffjorug/public_html/vendor/composer/platform_check.php on line 24
[08-Oct-2022 22:38:38 UTC] PHP Fatal error:  Composer detected issues in your platform: Your Composer dependencies require a PHP version ">= 8.0.2". You are running 7.4.30. in /python/cffjorug/public_html/vendor/composer/platform_check.php on line 24
[08-Oct-2022 22:38:39 UTC] PHP Fatal error:  Composer detected issues in your platform: Your Composer dependencies require a PHP version ">= 8.0.2". You are running 7.4.30. in /python/cffjorug/public_html/vendor/composer/platform_check.php on line 24
[08-Oct-2022 22:38:42 UTC] PHP Fatal error:  Composer detected issues in your platform: Your Composer dependencies require a PHP version ">= 8.0.2". You are running 7.4.30. in /python/cffjorug/public_html/vendor/composer/platform_check.php on line 24
